Hint: * Convirtiendo archivo C:\SimSEE\SimSEE_src\src\trunk\rchlib\trazosxy\test_unit.dpr *
Hint: Añadidos defines -dBorland -dVer150 -dDelphi7 -dCompiler6_Up -dPUREPASCAL en opciones personalizadas
Hint: Encontrar todos los ficheros unidad
Hint: * Arreglando las unidades usadas para el archivo C:\SimSEE\SimSEE_src\src\trunk\rchlib\trazosxy\test_unit.dpr *
Hint: 
Hint: *** Convirtiendo ficheros de unidad pertenecientes al proyecto/paquete ***
Hint: * Convirtiendo archivo C:\SimSEE\SimSEE_src\src\trunk\rchlib\trazosxy\utest_unit.pas *
Hint: * Convirtiendo archivo C:\SimSEE\SimSEE_src\src\trunk\rchlib\trazosxy\utrazosxy.pas *
Hint: Cambiada la codificación para cp1252 a UTF-8
Hint: Reparando ficheros include : utrazosxy.lrs
Hint: 
Hint: *** Reparando unidades utilizadas y ficheros de formulario ***
Hint: * Reparando archivo de formulario C:\SimSEE\SimSEE_src\src\trunk\rchlib\trazosxy\utest_unit.lfm *
Hint: Propiedad eliminada "TextHeight".
Hint: Propiedad eliminada "OldCreateOrder".
Hint: * Arreglando las unidades usadas para el archivo C:\SimSEE\SimSEE_src\src\trunk\rchlib\trazosxy\utest_unit.pas *
Hint: * Reparando archivo de formulario C:\SimSEE\SimSEE_src\src\trunk\rchlib\trazosxy\utrazosxy.lfm *
Hint: Añadido objeto perdido "GuardarJPG1:TMenuItem" a la fuente de Pascal.
Hint: Añadido objeto perdido "Copiar1:TMenuItem" a la fuente de Pascal.
Hint: Cambiadas Top coordenada de TButton desde "120" hasta "118" dentro de TPanel.
Hint: Cambiadas Left coordenada de TButton desde "22" hasta "20" dentro de TPanel.
Hint: Cambiadas Top coordenada de TButton desde "87" hasta "85" dentro de TPanel.
Hint: Cambiadas Left coordenada de TButton desde "22" hasta "20" dentro de TPanel.
Hint: Cambiadas Top coordenada de TButton desde "48" hasta "46" dentro de TPanel.
Hint: Cambiadas Left coordenada de TButton desde "22" hasta "20" dentro de TPanel.
Hint: Añadida propiedad "SimplePanel = False" para TStatusBar.
Hint: * Arreglando las unidades usadas para el archivo C:\SimSEE\SimSEE_src\src\trunk\rchlib\trazosxy\utrazosxy.pas *
Hint: Conversión tuvo: 00:00:02
Hint: Conversion Preparada.
